----------

Mon Apr 19 2021 12:53:40 GMT+0700 (Western Indonesia Time)

'D:\HKBP' is not recognized as an internal or external command,
operable program or batch file.


----------

Mon Apr 19 2021 13:08:55 GMT+0700 (Western Indonesia Time)

'D:\HKBP' is not recognized as an internal or external command,
operable program or batch file.


----------

Mon Apr 19 2021 13:25:27 GMT+0700 (Western Indonesia Time)

'D:\HKBP' is not recognized as an internal or external command,
operable program or batch file.


----------

Mon Apr 19 2021 15:44:17 GMT+0700 (Western Indonesia Time)

'D:\HKBP' is not recognized as an internal or external command,
operable program or batch file.


----------

Mon Apr 19 2021 16:14:17 GMT+0700 (Western Indonesia Time)

'git' is not recognized as an internal or external command,
operable program or batch file.


----------

Mon Apr 19 2021 16:14:17 GMT+0700 (Western Indonesia Time)

'git' is not recognized as an internal or external command,
operable program or batch file.


----------

Mon Apr 19 2021 16:14:17 GMT+0700 (Western Indonesia Time)

'git' is not recognized as an internal or external command,
operable program or batch file.


----------

Mon Apr 19 2021 16:51:02 GMT+0700 (Western Indonesia Time)

'git' is not recognized as an internal or external command,
operable program or batch file.


----------

Mon Apr 19 2021 16:51:02 GMT+0700 (Western Indonesia Time)

'git' is not recognized as an internal or external command,
operable program or batch file.
'git' is not recognized as an internal or external command,
operable program or batch file.


